#
# There is insufficient memory for the Java Runtime Environment to continue.
# Native memory allocation (mmap) failed to map 132120576 bytes for G1 virtual space
# Possible reasons:
#   The system is out of physical RAM or swap space
#   The process is running with CompressedOops enabled, and the Java Heap may be blocking the growth of the native heap
# Possible solutions:
#   Reduce memory load on the system
#   Increase physical memory or swap space
#   Check if swap backing store is full
#   Decrease Java heap size (-Xmx/-Xms)
#   Decrease number of Java threads
#   Decrease Java thread stack sizes (-Xss)
#   Set larger code cache with -XX:ReservedCodeCacheSize=
#   JVM is running with Unscaled Compressed Oops mode in which the Java heap is
#     placed in the first 4GB address space. The Java Heap base address is the
#     maximum limit for the native heap growth. Please use -XX:HeapBaseMinAddress
#     to set the Java Heap base and to place the Java Heap above 4GB virtual address.
# This output file may be truncated or incomplete.
#
#  Out of Memory Error (os_windows.cpp:3530), pid=10516, tid=4772
#
# JRE version:  (18.0.2.1+1) (build )
# Java VM: Java HotSpot(TM) 64-Bit Server VM (18.0.2.1+1-1, mixed mode, sharing, tiered, compressed oops, compressed class ptrs, g1 gc, windows-amd64)
# No core dump will be written. Minidumps are not enabled by default on client versions of Windows
#

---------------  S U M M A R Y ------------

Command Line: -Dfile.encoding=UTF-8 --module-path=D:\URUSAN KELAS-KELAS\Sem 1\Pemrograman Berorientasi Objek E\inilaundry\build\classes inilaundry.signin

Host: Intel(R) Core(TM) i7-10510U CPU @ 1.80GHz, 8 cores, 7G,  Windows 10 , 64 bit Build 19041 (10.0.19041.2251)
Time: Wed Nov 30 20:31:04 2022 SE Asia Standard Time elapsed time: 0.050379 seconds (0d 0h 0m 0s)

---------------  T H R E A D  ---------------

Current thread (0x0000026c59db5d80):  JavaThread "Unknown thread" [_thread_in_vm, id=4772, stack(0x000000944cb00000,0x000000944cc00000)]

Stack: [0x000000944cb00000,0x000000944cc00000]
Native frames: (J=compiled Java code, j=interpreted, Vv=VM code, C=native code)
V  [jvm.dll+0x6993aa]
V  [jvm.dll+0x7f46dd]
V  [jvm.dll+0x7f5fee]
V  [jvm.dll+0x7f66a3]
V  [jvm.dll+0x25cf1f]
V  [jvm.dll+0x6962f9]
V  [jvm.dll+0x68ae2a]
V  [jvm.dll+0x32255b]
V  [jvm.dll+0x329f36]
V  [jvm.dll+0x37eade]
V  [jvm.dll+0x37ed0f]
V  [jvm.dll+0x2fa2da]
V  [jvm.dll+0x2fb33d]
V  [jvm.dll+0x7c3310]
V  [jvm.dll+0x38be61]
V  [jvm.dll+0x7a2023]
V  [jvm.dll+0x40dc3f]
V  [jvm.dll+0x40f611]
C  [jli.dll+0x526b]
C  [ucrtbase.dll+0x21bb2]
C  [KERNEL32.DLL+0x174b4]
C  [ntdll.dll+0x526a1]


---------------  P R O C E S S  ---------------

Threads class SMR info:
_java_thread_list=0x00007ff836e9e550, length=0, elements={
}

Java Threads: ( => current thread )

Other Threads:
  0x0000026c59e12d10 WorkerThread "GC Thread#0" [stack: 0x000000944cc00000,0x000000944cd00000] [id=6100]
  0x0000026c59e235d0 ConcurrentGCThread "G1 Main Marker" [stack: 0x000000944cd00000,0x000000944ce00000] [id=14712]
  0x0000026c59e23ed0 WorkerThread "G1 Conc#0" [stack: 0x000000944ce00000,0x000000944cf00000] [id=7000]

[error occurred during error reporting (printing all threads), id 0xc0000005, EXCEPTION_ACCESS_VIOLATION (0xc0000005) at pc=0x00007ff8366ca877]

VM state: not at safepoint (not fully initialized)

VM Mutex/Monitor currently owned by a thread:  ([mutex/lock_event])
[0x0000026c59db11b0] Heap_lock - owner thread: 0x0000026c59db5d80

Heap address: 0x0000000082c00000, size: 2004 MB, Compressed Oops mode: 32-bit

CDS archive(s) mapped at: [0x0000000000000000-0x0000000000000000-0x0000000000000000), size 0, SharedBaseAddress: 0x0000000800000000, ArchiveRelocationMode: 0.
Narrow klass base: 0x0000000000000000, Narrow klass shift: 0, Narrow klass range: 0x0

GC Precious Log:
 CardTable entry size: 512
 Card Set container configuration: InlinePtr #cards 5 size 8 Array Of Cards #cards 12 size 40 Howl #buckets 4 coarsen threshold 1843 Howl Bitmap #cards 512 size 80 coarsen threshold 460 Card regions per heap region 1 cards per card region 2048

Heap:
 garbage-first heap   total 0K, used 0K [0x0000000082c00000, 0x0000000100000000)
  region size 1024K, 0 young (0K), 0 survivors (0K)

[error occurred during error reporting (printing heap information), id 0xc0000005, EXCEPTION_ACCESS_VIOLATION (0xc0000005) at pc=0x00007ff836ab1839]

GC Heap History (0 events):
No events

Deoptimization events (0 events):
No events

Classes loaded (0 events):
No events

Classes unloaded (0 events):
No events

Classes redefined (0 events):
No events

Internal exceptions (0 events):
No events

VM Operations (0 events):
No events

Events (1 events):
Event: 0.035 Loaded shared library E:\Apps\JDK Java\bin\java.dll


Dynamic libraries:
0x00007ff6f0290000 - 0x00007ff6f02a0000 	E:\Apps\JDK Java\bin\java.exe
0x00007ff875cf0000 - 0x00007ff875ee8000 	C:\Windows\SYSTEM32\ntdll.dll
0x00007ff84fe60000 - 0x00007ff84fe77000 	C:\Program Files\AVG\Antivirus\aswhook.dll
0x00007ff875bf0000 - 0x00007ff875caf000 	C:\Windows\System32\KERNEL32.DLL
0x00007ff8738d0000 - 0x00007ff873ba2000 	C:\Windows\System32\KERNELBASE.dll
0x00007ff873bb0000 - 0x00007ff873cb0000 	C:\Windows\System32\ucrtbase.dll
0x00007ff86ea90000 - 0x00007ff86eaaa000 	E:\Apps\JDK Java\bin\VCRUNTIME140.dll
0x00007ff85b210000 - 0x00007ff85b228000 	E:\Apps\JDK Java\bin\jli.dll
0x00007ff8749c0000 - 0x00007ff874a6e000 	C:\Windows\System32\ADVAPI32.dll
0x00007ff875af0000 - 0x00007ff875b8e000 	C:\Windows\System32\msvcrt.dll
0x00007ff8751c0000 - 0x00007ff87525c000 	C:\Windows\System32\sechost.dll
0x00007ff8743d0000 - 0x00007ff8744f5000 	C:\Windows\System32\RPCRT4.dll
0x00007ff853aa0000 - 0x00007ff853d3a000 	C:\Windows\WinSxS\amd64_microsoft.windows.common-controls_6595b64144ccf1df_6.0.19041.1110_none_60b5254171f9507e\COMCTL32.dll
0x00007ff874740000 - 0x00007ff8748dd000 	C:\Windows\System32\USER32.dll
0x00007ff873d40000 - 0x00007ff873d6b000 	C:\Windows\System32\GDI32.dll
0x00007ff873800000 - 0x00007ff873822000 	C:\Windows\System32\win32u.dll
0x00007ff8734e0000 - 0x00007ff8735ef000 	C:\Windows\System32\gdi32full.dll
0x00007ff8733f0000 - 0x00007ff87348d000 	C:\Windows\System32\msvcp_win.dll
0x00007ff868120000 - 0x00007ff86812a000 	C:\Windows\SYSTEM32\VERSION.dll
0x00007ff874620000 - 0x00007ff874652000 	C:\Windows\System32\IMM32.DLL
0x00007ff86ef20000 - 0x00007ff86ef2c000 	E:\Apps\JDK Java\bin\vcruntime140_1.dll
0x00007ff85b5b0000 - 0x00007ff85b63d000 	E:\Apps\JDK Java\bin\msvcp140.dll
0x00007ff8363c0000 - 0x00007ff836fd1000 	E:\Apps\JDK Java\bin\server\jvm.dll
0x00007ff8743c0000 - 0x00007ff8743c8000 	C:\Windows\System32\PSAPI.DLL
0x00007ff8500f0000 - 0x00007ff850117000 	C:\Windows\SYSTEM32\WINMM.dll
0x00007ff859010000 - 0x00007ff859019000 	C:\Windows\SYSTEM32\WSOCK32.dll
0x00007ff874a80000 - 0x00007ff874aeb000 	C:\Windows\System32\WS2_32.dll
0x00007ff871340000 - 0x00007ff871352000 	C:\Windows\SYSTEM32\kernel.appcore.dll
0x00007ff86eee0000 - 0x00007ff86eeea000 	E:\Apps\JDK Java\bin\jimage.dll
0x00007ff870bf0000 - 0x00007ff870dd4000 	C:\Windows\SYSTEM32\DBGHELP.DLL
0x00007ff85cbe0000 - 0x00007ff85cc0c000 	C:\Windows\SYSTEM32\dbgcore.DLL
0x00007ff873cb0000 - 0x00007ff873d32000 	C:\Windows\System32\bcryptPrimitives.dll
0x00007ff86df10000 - 0x00007ff86df35000 	E:\Apps\JDK Java\bin\java.dll

dbghelp: loaded successfully - version: 4.0.5 - missing functions: none
symbol engine: initialized successfully - sym options: 0x614 - pdb path: .;E:\Apps\JDK Java\bin;C:\Windows\SYSTEM32;C:\Program Files\AVG\Antivirus;C:\Windows\WinSxS\amd64_microsoft.windows.common-controls_6595b64144ccf1df_6.0.19041.1110_none_60b5254171f9507e;E:\Apps\JDK Java\bin\server

VM Arguments:
jvm_args: -Dfile.encoding=UTF-8 --module-path=D:\URUSAN KELAS-KELAS\Sem 1\Pemrograman Berorientasi Objek E\inilaundry\build\classes 
java_command: inilaundry.signin
java_class_path (initial): E:\Apps\MySqlJdbcDriver\mysql-connector-java-8.0.30.jar;E:\Apps\NetBeans-15\netbeans\java\modules\ext\AbsoluteLayout.jar;D:\URUSAN KELAS-KELAS\Sem 1\Pemrograman Berorientasi Objek E\inilaundry\build\classes
Launcher Type: SUN_STANDARD

[Global flags]
     intx CICompilerCount                          = 4                                         {product} {ergonomic}
     uint ConcGCThreads                            = 2                                         {product} {ergonomic}
     uint G1ConcRefinementThreads                  = 8                                         {product} {ergonomic}
   size_t G1HeapRegionSize                         = 1048576                                   {product} {ergonomic}
    uintx GCDrainStackTargetSize                   = 64                                        {product} {ergonomic}
   size_t InitialHeapSize                          = 132120576                                 {product} {ergonomic}
   size_t MarkStackSize                            = 4194304                                   {product} {ergonomic}
   size_t MaxHeapSize                              = 2101346304                                {product} {ergonomic}
   size_t MinHeapDeltaBytes                        = 1048576                                   {product} {ergonomic}
   size_t MinHeapSize                              = 8388608                                   {product} {ergonomic}
    uintx NonNMethodCodeHeapSize                   = 5839372                                {pd product} {ergonomic}
    uintx NonProfiledCodeHeapSize                  = 122909434                              {pd product} {ergonomic}
    uintx ProfiledCodeHeapSize                     = 122909434                              {pd product} {ergonomic}
    uintx ReservedCodeCacheSize                    = 251658240                              {pd product} {ergonomic}
     bool SegmentedCodeCache                       = true                                      {product} {ergonomic}
   size_t SoftMaxHeapSize                          = 2101346304                             {manageable} {ergonomic}
     bool UseCompressedClassPointers               = true                           {product lp64_product} {ergonomic}
     bool UseCompressedOops                        = true                           {product lp64_product} {ergonomic}
     bool UseG1GC                                  = true                                      {product} {ergonomic}
     bool UseLargePagesIndividualAllocation        = false                                  {pd product} {ergonomic}

Logging:
Log output configuration:
 #0: stdout all=warning uptime,level,tags foldmultilines=false
 #1: stderr all=off uptime,level,tags foldmultilines=false

Environment Variables:
PATH=C:\Program Files\Common Files\Oracle\Java\javapath;C:\Windows\system32;C:\Windows;C:\Windows\System32\Wbem;C:\Windows\System32\WindowsPowerShell\v1.0\;C:\Windows\System32\OpenSSH\;E:\Apps\XAMPP\php;C:\ProgramData\ComposerSetup\bin;E:\Apps\Git\cmd;C:\Users\HP\AppData\Local\Microsoft\WindowsApps;C:\Users\HP\AppData\Local\GitHubDesktop\bin;E:\Apps\Microsoft VS Code\bin;C:\Users\HP\AppData\Roaming\Composer\vendor\bin
USERNAME=HP
OS=Windows_NT
PROCESSOR_IDENTIFIER=Intel64 Family 6 Model 142 Stepping 12, GenuineIntel



---------------  S Y S T E M  ---------------

OS:
 Windows 10 , 64 bit Build 19041 (10.0.19041.2251)
OS uptime: 1 days 22:37 hours

CPU: total 8 (initial active 8) (4 cores per cpu, 2 threads per core) family 6 model 142 stepping 12 microcode 0xde, cx8, cmov, fxsr, ht, mmx, 3dnowpref, sse, sse2, sse3, ssse3, sse4.1, sse4.2, popcnt, lzcnt, tsc, tscinvbit, avx, avx2, aes, erms, clmul, bmi1, bmi2, adx, fma, vzeroupper, clflush, clflushopt

Memory: 4k page, system-wide physical 8014M (211M free)
TotalPageFile size 25171M (AvailPageFile size 93M)
current process WorkingSet (physical memory assigned to process): 10M, peak: 10M
current process commit charge ("private bytes"): 60M, peak: 186M

vm_info: Java HotSpot(TM) 64-Bit Server VM (18.0.2.1+1-1) for windows-amd64 JRE (18.0.2.1+1-1), built on Aug 16 2022 01:46:33 by "mach5one" with MS VC++ 16.8 / 16.9 (VS2019)

END.
